CRITICAL - 2023-01-14 00:44:03 --> Undefined index: pesan
in APPPATH\Controllers\Home.php on line 23.
 1 APPPATH\Controllers\Home.php(23): CodeIgniter\Debug\Exceptions->errorHandler(8, 'Undefined index: pesan', 'APPPATH\\Controllers\\Home.php', 23, [])
 2 SYSTEMPATH\CodeIgniter.php(925): App\Controllers\Home->post_kehadiran()
 3 SYSTEMPATH\CodeIgniter.php(480): CodeIgniter\CodeIgniter->runController(Object(App\Controllers\Home))
 4 SYSTEMPATH\CodeIgniter.php(349): CodeIgniter\CodeIgniter->handleRequest(null, Object(Config\Cache), false)
 5 FCPATH\index.php(67): CodeIgniter\CodeIgniter->run()
CRITICAL - 2023-01-14 14:27:46 --> Undefined variable: penugasan
in APPPATH\Views\ucapan.php on line 79.
 1 APPPATH\Views\ucapan.php(79): CodeIgniter\Debug\Exceptions->errorHandler(8, 'Undefined variable: penugasan', 'APPPATH\\Views\\ucapan.php', 79, [...])
 2 SYSTEMPATH\View\View.php(213): include('APPPATH\\Views\\ucapan.php')
 3 SYSTEMPATH\View\View.php(216): CodeIgniter\View\View->CodeIgniter\View\{closure}()
 4 SYSTEMPATH\Common.php(1135): CodeIgniter\View\View->render('ucapan', [], true)
 5 APPPATH\Controllers\Home.php(61): view('ucapan', [...])
 6 SYSTEMPATH\CodeIgniter.php(925): App\Controllers\Home->get_ucapan()
 7 SYSTEMPATH\CodeIgniter.php(480): CodeIgniter\CodeIgniter->runController(Object(App\Controllers\Home))
 8 SYSTEMPATH\CodeIgniter.php(349): CodeIgniter\CodeIgniter->handleRequest(null, Object(Config\Cache), false)
 9 FCPATH\index.php(67): CodeIgniter\CodeIgniter->run()
CRITICAL - 2023-01-14 14:27:55 --> Undefined variable: penugasan
in APPPATH\Views\ucapan.php on line 79.
 1 APPPATH\Views\ucapan.php(79): CodeIgniter\Debug\Exceptions->errorHandler(8, 'Undefined variable: penugasan', 'APPPATH\\Views\\ucapan.php', 79, [...])
 2 SYSTEMPATH\View\View.php(213): include('APPPATH\\Views\\ucapan.php')
 3 SYSTEMPATH\View\View.php(216): CodeIgniter\View\View->CodeIgniter\View\{closure}()
 4 SYSTEMPATH\Common.php(1135): CodeIgniter\View\View->render('ucapan', [], true)
 5 APPPATH\Controllers\Home.php(61): view('ucapan', [...])
 6 SYSTEMPATH\CodeIgniter.php(925): App\Controllers\Home->get_ucapan()
 7 SYSTEMPATH\CodeIgniter.php(480): CodeIgniter\CodeIgniter->runController(Object(App\Controllers\Home))
 8 SYSTEMPATH\CodeIgniter.php(349): CodeIgniter\CodeIgniter->handleRequest(null, Object(Config\Cache), false)
 9 FCPATH\index.php(67): CodeIgniter\CodeIgniter->run()
CRITICAL - 2023-01-14 14:28:49 --> Undefined variable: penugasan
in APPPATH\Views\ucapan.php on line 79.
 1 APPPATH\Views\ucapan.php(79): CodeIgniter\Debug\Exceptions->errorHandler(8, 'Undefined variable: penugasan', 'APPPATH\\Views\\ucapan.php', 79, [...])
 2 SYSTEMPATH\View\View.php(213): include('APPPATH\\Views\\ucapan.php')
 3 SYSTEMPATH\View\View.php(216): CodeIgniter\View\View->CodeIgniter\View\{closure}()
 4 SYSTEMPATH\Common.php(1135): CodeIgniter\View\View->render('ucapan', [], true)
 5 APPPATH\Controllers\Home.php(62): view('ucapan', [...])
 6 SYSTEMPATH\CodeIgniter.php(925): App\Controllers\Home->get_ucapan()
 7 SYSTEMPATH\CodeIgniter.php(480): CodeIgniter\CodeIgniter->runController(Object(App\Controllers\Home))
 8 SYSTEMPATH\CodeIgniter.php(349): CodeIgniter\CodeIgniter->handleRequest(null, Object(Config\Cache), false)
 9 FCPATH\index.php(67): CodeIgniter\CodeIgniter->run()
CRITICAL - 2023-01-14 14:32:24 --> Call to undefined method CodeIgniter\Database\MySQLi\Builder::order_by()
in APPPATH\Controllers\Home.php on line 57.
 1 SYSTEMPATH\CodeIgniter.php(925): App\Controllers\Home->get_ucapan()
 2 SYSTEMPATH\CodeIgniter.php(480): CodeIgniter\CodeIgniter->runController(Object(App\Controllers\Home))
 3 SYSTEMPATH\CodeIgniter.php(349): CodeIgniter\CodeIgniter->handleRequest(null, Object(Config\Cache), false)
 4 FCPATH\index.php(67): CodeIgniter\CodeIgniter->run()
CRITICAL - 2023-01-14 02:40:28 --> Call to undefined function humanize()
in APPPATH\Views\ucapan.php on line 65.
 1 SYSTEMPATH\View\View.php(213): include()
 2 SYSTEMPATH\View\View.php(216): CodeIgniter\View\View->CodeIgniter\View\{closure}()
 3 SYSTEMPATH\Common.php(1135): CodeIgniter\View\View->render('ucapan', [], true)
 4 APPPATH\Controllers\Home.php(61): view('ucapan', [...])
 5 SYSTEMPATH\CodeIgniter.php(925): App\Controllers\Home->get_ucapan()
 6 SYSTEMPATH\CodeIgniter.php(480): CodeIgniter\CodeIgniter->runController(Object(App\Controllers\Home))
 7 SYSTEMPATH\CodeIgniter.php(349): CodeIgniter\CodeIgniter->handleRequest(null, Object(Config\Cache), false)
 8 FCPATH\index.php(67): CodeIgniter\CodeIgniter->run()
CRITICAL - 2023-01-14 02:40:46 --> Call to undefined function humanize()
in APPPATH\Views\ucapan.php on line 65.
 1 SYSTEMPATH\View\View.php(213): include()
 2 SYSTEMPATH\View\View.php(216): CodeIgniter\View\View->CodeIgniter\View\{closure}()
 3 SYSTEMPATH\Common.php(1135): CodeIgniter\View\View->render('ucapan', [], true)
 4 APPPATH\Controllers\Home.php(61): view('ucapan', [...])
 5 SYSTEMPATH\CodeIgniter.php(925): App\Controllers\Home->get_ucapan()
 6 SYSTEMPATH\CodeIgniter.php(480): CodeIgniter\CodeIgniter->runController(Object(App\Controllers\Home))
 7 SYSTEMPATH\CodeIgniter.php(349): CodeIgniter\CodeIgniter->handleRequest(null, Object(Config\Cache), false)
 8 FCPATH\index.php(67): CodeIgniter\CodeIgniter->run()
CRITICAL - 2023-01-14 02:42:04 --> Call to undefined function humanize()
in APPPATH\Views\ucapan.php on line 65.
 1 SYSTEMPATH\View\View.php(213): include()
 2 SYSTEMPATH\View\View.php(216): CodeIgniter\View\View->CodeIgniter\View\{closure}()
 3 SYSTEMPATH\Common.php(1135): CodeIgniter\View\View->render('ucapan', [], true)
 4 APPPATH\Controllers\Home.php(61): view('ucapan', [...])
 5 SYSTEMPATH\CodeIgniter.php(925): App\Controllers\Home->get_ucapan()
 6 SYSTEMPATH\CodeIgniter.php(480): CodeIgniter\CodeIgniter->runController(Object(App\Controllers\Home))
 7 SYSTEMPATH\CodeIgniter.php(349): CodeIgniter\CodeIgniter->handleRequest(null, Object(Config\Cache), false)
 8 FCPATH\index.php(67): CodeIgniter\CodeIgniter->run()
CRITICAL - 2023-01-14 02:42:54 --> Call to undefined function humanize()
in APPPATH\Views\ucapan.php on line 65.
 1 SYSTEMPATH\View\View.php(213): include()
 2 SYSTEMPATH\View\View.php(216): CodeIgniter\View\View->CodeIgniter\View\{closure}()
 3 SYSTEMPATH\Common.php(1135): CodeIgniter\View\View->render('ucapan', [], true)
 4 APPPATH\Controllers\Home.php(61): view('ucapan', [...])
 5 SYSTEMPATH\CodeIgniter.php(925): App\Controllers\Home->get_ucapan()
 6 SYSTEMPATH\CodeIgniter.php(480): CodeIgniter\CodeIgniter->runController(Object(App\Controllers\Home))
 7 SYSTEMPATH\CodeIgniter.php(349): CodeIgniter\CodeIgniter->handleRequest(null, Object(Config\Cache), false)
 8 FCPATH\index.php(67): CodeIgniter\CodeIgniter->run()
CRITICAL - 2023-01-14 02:54:46 --> Call to undefined function humanize()
in APPPATH\Views\ucapan.php on line 65.
 1 SYSTEMPATH\View\View.php(213): include()
 2 SYSTEMPATH\View\View.php(216): CodeIgniter\View\View->CodeIgniter\View\{closure}()
 3 SYSTEMPATH\Common.php(1135): CodeIgniter\View\View->render('ucapan', [], true)
 4 APPPATH\Controllers\Home.php(61): view('ucapan', [...])
 5 SYSTEMPATH\CodeIgniter.php(925): App\Controllers\Home->get_ucapan()
 6 SYSTEMPATH\CodeIgniter.php(480): CodeIgniter\CodeIgniter->runController(Object(App\Controllers\Home))
 7 SYSTEMPATH\CodeIgniter.php(349): CodeIgniter\CodeIgniter->handleRequest(null, Object(Config\Cache), false)
 8 FCPATH\index.php(67): CodeIgniter\CodeIgniter->run()
CRITICAL - 2023-01-14 02:56:16 --> Call to undefined function humanize()
in APPPATH\Views\ucapan.php on line 65.
 1 SYSTEMPATH\View\View.php(213): include()
 2 SYSTEMPATH\View\View.php(216): CodeIgniter\View\View->CodeIgniter\View\{closure}()
 3 SYSTEMPATH\Common.php(1135): CodeIgniter\View\View->render('ucapan', [], true)
 4 APPPATH\Controllers\Home.php(61): view('ucapan', [...])
 5 SYSTEMPATH\CodeIgniter.php(925): App\Controllers\Home->get_ucapan()
 6 SYSTEMPATH\CodeIgniter.php(480): CodeIgniter\CodeIgniter->runController(Object(App\Controllers\Home))
 7 SYSTEMPATH\CodeIgniter.php(349): CodeIgniter\CodeIgniter->handleRequest(null, Object(Config\Cache), false)
 8 FCPATH\index.php(67): CodeIgniter\CodeIgniter->run()
CRITICAL - 2023-01-14 02:56:49 --> Call to undefined function humanize()
in APPPATH\Views\ucapan.php on line 65.
 1 SYSTEMPATH\View\View.php(213): include()
 2 SYSTEMPATH\View\View.php(216): CodeIgniter\View\View->CodeIgniter\View\{closure}()
 3 SYSTEMPATH\Common.php(1135): CodeIgniter\View\View->render('ucapan', [], true)
 4 APPPATH\Controllers\Home.php(61): view('ucapan', [...])
 5 SYSTEMPATH\CodeIgniter.php(925): App\Controllers\Home->get_ucapan()
 6 SYSTEMPATH\CodeIgniter.php(480): CodeIgniter\CodeIgniter->runController(Object(App\Controllers\Home))
 7 SYSTEMPATH\CodeIgniter.php(349): CodeIgniter\CodeIgniter->handleRequest(null, Object(Config\Cache), false)
 8 FCPATH\index.php(67): CodeIgniter\CodeIgniter->run()
CRITICAL - 2023-01-14 02:57:01 --> Call to undefined function humanize()
in APPPATH\Views\ucapan.php on line 65.
 1 SYSTEMPATH\View\View.php(213): include()
 2 SYSTEMPATH\View\View.php(216): CodeIgniter\View\View->CodeIgniter\View\{closure}()
 3 SYSTEMPATH\Common.php(1135): CodeIgniter\View\View->render('ucapan', [], true)
 4 APPPATH\Controllers\Home.php(61): view('ucapan', [...])
 5 SYSTEMPATH\CodeIgniter.php(925): App\Controllers\Home->get_ucapan()
 6 SYSTEMPATH\CodeIgniter.php(480): CodeIgniter\CodeIgniter->runController(Object(App\Controllers\Home))
 7 SYSTEMPATH\CodeIgniter.php(349): CodeIgniter\CodeIgniter->handleRequest(null, Object(Config\Cache), false)
 8 FCPATH\index.php(67): CodeIgniter\CodeIgniter->run()
CRITICAL - 2023-01-14 02:58:45 --> Call to undefined function humanize()
in APPPATH\Views\ucapan.php on line 65.
 1 SYSTEMPATH\View\View.php(213): include()
 2 SYSTEMPATH\View\View.php(216): CodeIgniter\View\View->CodeIgniter\View\{closure}()
 3 SYSTEMPATH\Common.php(1135): CodeIgniter\View\View->render('ucapan', [], true)
 4 APPPATH\Controllers\Home.php(61): view('ucapan', [...])
 5 SYSTEMPATH\CodeIgniter.php(925): App\Controllers\Home->get_ucapan()
 6 SYSTEMPATH\CodeIgniter.php(480): CodeIgniter\CodeIgniter->runController(Object(App\Controllers\Home))
 7 SYSTEMPATH\CodeIgniter.php(349): CodeIgniter\CodeIgniter->handleRequest(null, Object(Config\Cache), false)
 8 FCPATH\index.php(67): CodeIgniter\CodeIgniter->run()
CRITICAL - 2023-01-14 02:59:20 --> Call to undefined function humanize()
in APPPATH\Views\ucapan.php on line 65.
 1 SYSTEMPATH\View\View.php(213): include()
 2 SYSTEMPATH\View\View.php(216): CodeIgniter\View\View->CodeIgniter\View\{closure}()
 3 SYSTEMPATH\Common.php(1135): CodeIgniter\View\View->render('ucapan', [], true)
 4 APPPATH\Controllers\Home.php(61): view('ucapan', [...])
 5 SYSTEMPATH\CodeIgniter.php(925): App\Controllers\Home->get_ucapan()
 6 SYSTEMPATH\CodeIgniter.php(480): CodeIgniter\CodeIgniter->runController(Object(App\Controllers\Home))
 7 SYSTEMPATH\CodeIgniter.php(349): CodeIgniter\CodeIgniter->handleRequest(null, Object(Config\Cache), false)
 8 FCPATH\index.php(67): CodeIgniter\CodeIgniter->run()
CRITICAL - 2023-01-14 03:01:16 --> Call to undefined function humanize()
in APPPATH\Views\ucapan.php on line 65.
 1 SYSTEMPATH\View\View.php(213): include()
 2 SYSTEMPATH\View\View.php(216): CodeIgniter\View\View->CodeIgniter\View\{closure}()
 3 SYSTEMPATH\Common.php(1135): CodeIgniter\View\View->render('ucapan', [], true)
 4 APPPATH\Controllers\Home.php(61): view('ucapan', [...])
 5 SYSTEMPATH\CodeIgniter.php(925): App\Controllers\Home->get_ucapan()
 6 SYSTEMPATH\CodeIgniter.php(480): CodeIgniter\CodeIgniter->runController(Object(App\Controllers\Home))
 7 SYSTEMPATH\CodeIgniter.php(349): CodeIgniter\CodeIgniter->handleRequest(null, Object(Config\Cache), false)
 8 FCPATH\index.php(67): CodeIgniter\CodeIgniter->run()
CRITICAL - 2023-01-14 03:01:23 --> Call to undefined function humanize()
in APPPATH\Views\ucapan.php on line 65.
 1 SYSTEMPATH\View\View.php(213): include()
 2 SYSTEMPATH\View\View.php(216): CodeIgniter\View\View->CodeIgniter\View\{closure}()
 3 SYSTEMPATH\Common.php(1135): CodeIgniter\View\View->render('ucapan', [], true)
 4 APPPATH\Controllers\Home.php(61): view('ucapan', [...])
 5 SYSTEMPATH\CodeIgniter.php(925): App\Controllers\Home->get_ucapan()
 6 SYSTEMPATH\CodeIgniter.php(480): CodeIgniter\CodeIgniter->runController(Object(App\Controllers\Home))
 7 SYSTEMPATH\CodeIgniter.php(349): CodeIgniter\CodeIgniter->handleRequest(null, Object(Config\Cache), false)
 8 FCPATH\index.php(67): CodeIgniter\CodeIgniter->run()
CRITICAL - 2023-01-14 03:01:42 --> Call to undefined function humanize()
in APPPATH\Views\ucapan.php on line 65.
 1 SYSTEMPATH\View\View.php(213): include()
 2 SYSTEMPATH\View\View.php(216): CodeIgniter\View\View->CodeIgniter\View\{closure}()
 3 SYSTEMPATH\Common.php(1135): CodeIgniter\View\View->render('ucapan', [], true)
 4 APPPATH\Controllers\Home.php(61): view('ucapan', [...])
 5 SYSTEMPATH\CodeIgniter.php(925): App\Controllers\Home->get_ucapan()
 6 SYSTEMPATH\CodeIgniter.php(480): CodeIgniter\CodeIgniter->runController(Object(App\Controllers\Home))
 7 SYSTEMPATH\CodeIgniter.php(349): CodeIgniter\CodeIgniter->handleRequest(null, Object(Config\Cache), false)
 8 FCPATH\index.php(67): CodeIgniter\CodeIgniter->run()
CRITICAL - 2023-01-14 03:02:18 --> Call to undefined function humanize()
in APPPATH\Views\ucapan.php on line 65.
 1 SYSTEMPATH\View\View.php(213): include()
 2 SYSTEMPATH\View\View.php(216): CodeIgniter\View\View->CodeIgniter\View\{closure}()
 3 SYSTEMPATH\Common.php(1135): CodeIgniter\View\View->render('ucapan', [], true)
 4 APPPATH\Controllers\Home.php(61): view('ucapan', [...])
 5 SYSTEMPATH\CodeIgniter.php(925): App\Controllers\Home->get_ucapan()
 6 SYSTEMPATH\CodeIgniter.php(480): CodeIgniter\CodeIgniter->runController(Object(App\Controllers\Home))
 7 SYSTEMPATH\CodeIgniter.php(349): CodeIgniter\CodeIgniter->handleRequest(null, Object(Config\Cache), false)
 8 FCPATH\index.php(67): CodeIgniter\CodeIgniter->run()
CRITICAL - 2023-01-14 03:03:29 --> Call to undefined function humanize()
in APPPATH\Views\ucapan.php on line 65.
 1 SYSTEMPATH\View\View.php(213): include()
 2 SYSTEMPATH\View\View.php(216): CodeIgniter\View\View->CodeIgniter\View\{closure}()
 3 SYSTEMPATH\Common.php(1135): CodeIgniter\View\View->render('ucapan', [], true)
 4 APPPATH\Controllers\Home.php(61): view('ucapan', [...])
 5 SYSTEMPATH\CodeIgniter.php(925): App\Controllers\Home->get_ucapan()
 6 SYSTEMPATH\CodeIgniter.php(480): CodeIgniter\CodeIgniter->runController(Object(App\Controllers\Home))
 7 SYSTEMPATH\CodeIgniter.php(349): CodeIgniter\CodeIgniter->handleRequest(null, Object(Config\Cache), false)
 8 FCPATH\index.php(67): CodeIgniter\CodeIgniter->run()
CRITICAL - 2023-01-14 03:03:42 --> Call to undefined function humanize()
in APPPATH\Views\ucapan.php on line 65.
 1 SYSTEMPATH\View\View.php(213): include()
 2 SYSTEMPATH\View\View.php(216): CodeIgniter\View\View->CodeIgniter\View\{closure}()
 3 SYSTEMPATH\Common.php(1135): CodeIgniter\View\View->render('ucapan', [], true)
 4 APPPATH\Controllers\Home.php(61): view('ucapan', [...])
 5 SYSTEMPATH\CodeIgniter.php(925): App\Controllers\Home->get_ucapan()
 6 SYSTEMPATH\CodeIgniter.php(480): CodeIgniter\CodeIgniter->runController(Object(App\Controllers\Home))
 7 SYSTEMPATH\CodeIgniter.php(349): CodeIgniter\CodeIgniter->handleRequest(null, Object(Config\Cache), false)
 8 FCPATH\index.php(67): CodeIgniter\CodeIgniter->run()
CRITICAL - 2023-01-14 03:03:49 --> Call to undefined function humanize()
in APPPATH\Views\ucapan.php on line 65.
 1 SYSTEMPATH\View\View.php(213): include()
 2 SYSTEMPATH\View\View.php(216): CodeIgniter\View\View->CodeIgniter\View\{closure}()
 3 SYSTEMPATH\Common.php(1135): CodeIgniter\View\View->render('ucapan', [], true)
 4 APPPATH\Controllers\Home.php(61): view('ucapan', [...])
 5 SYSTEMPATH\CodeIgniter.php(925): App\Controllers\Home->get_ucapan()
 6 SYSTEMPATH\CodeIgniter.php(480): CodeIgniter\CodeIgniter->runController(Object(App\Controllers\Home))
 7 SYSTEMPATH\CodeIgniter.php(349): CodeIgniter\CodeIgniter->handleRequest(null, Object(Config\Cache), false)
 8 FCPATH\index.php(67): CodeIgniter\CodeIgniter->run()
CRITICAL - 2023-01-14 03:10:29 --> Call to undefined function humanize()
in APPPATH\Views\ucapan.php on line 65.
 1 SYSTEMPATH\View\View.php(213): include()
 2 SYSTEMPATH\View\View.php(216): CodeIgniter\View\View->CodeIgniter\View\{closure}()
 3 SYSTEMPATH\Common.php(1135): CodeIgniter\View\View->render('ucapan', [], true)
 4 APPPATH\Controllers\Home.php(61): view('ucapan', [...])
 5 SYSTEMPATH\CodeIgniter.php(925): App\Controllers\Home->get_ucapan()
 6 SYSTEMPATH\CodeIgniter.php(480): CodeIgniter\CodeIgniter->runController(Object(App\Controllers\Home))
 7 SYSTEMPATH\CodeIgniter.php(349): CodeIgniter\CodeIgniter->handleRequest(null, Object(Config\Cache), false)
 8 FCPATH\index.php(67): CodeIgniter\CodeIgniter->run()
CRITICAL - 2023-01-14 03:11:18 --> Call to undefined function humanize()
in APPPATH\Views\ucapan.php on line 65.
 1 SYSTEMPATH\View\View.php(213): include()
 2 SYSTEMPATH\View\View.php(216): CodeIgniter\View\View->CodeIgniter\View\{closure}()
 3 SYSTEMPATH\Common.php(1135): CodeIgniter\View\View->render('ucapan', [], true)
 4 APPPATH\Controllers\Home.php(61): view('ucapan', [...])
 5 SYSTEMPATH\CodeIgniter.php(925): App\Controllers\Home->get_ucapan()
 6 SYSTEMPATH\CodeIgniter.php(480): CodeIgniter\CodeIgniter->runController(Object(App\Controllers\Home))
 7 SYSTEMPATH\CodeIgniter.php(349): CodeIgniter\CodeIgniter->handleRequest(null, Object(Config\Cache), false)
 8 FCPATH\index.php(67): CodeIgniter\CodeIgniter->run()
CRITICAL - 2023-01-14 03:12:29 --> Call to undefined function humanize()
in APPPATH\Views\ucapan.php on line 65.
 1 SYSTEMPATH\View\View.php(213): include()
 2 SYSTEMPATH\View\View.php(216): CodeIgniter\View\View->CodeIgniter\View\{closure}()
 3 SYSTEMPATH\Common.php(1135): CodeIgniter\View\View->render('ucapan', [], true)
 4 APPPATH\Controllers\Home.php(61): view('ucapan', [...])
 5 SYSTEMPATH\CodeIgniter.php(925): App\Controllers\Home->get_ucapan()
 6 SYSTEMPATH\CodeIgniter.php(480): CodeIgniter\CodeIgniter->runController(Object(App\Controllers\Home))
 7 SYSTEMPATH\CodeIgniter.php(349): CodeIgniter\CodeIgniter->handleRequest(null, Object(Config\Cache), false)
 8 FCPATH\index.php(67): CodeIgniter\CodeIgniter->run()
CRITICAL - 2023-01-14 03:13:25 --> Call to undefined function humanize()
in APPPATH\Views\ucapan.php on line 65.
 1 SYSTEMPATH\View\View.php(213): include()
 2 SYSTEMPATH\View\View.php(216): CodeIgniter\View\View->CodeIgniter\View\{closure}()
 3 SYSTEMPATH\Common.php(1135): CodeIgniter\View\View->render('ucapan', [], true)
 4 APPPATH\Controllers\Home.php(61): view('ucapan', [...])
 5 SYSTEMPATH\CodeIgniter.php(925): App\Controllers\Home->get_ucapan()
 6 SYSTEMPATH\CodeIgniter.php(480): CodeIgniter\CodeIgniter->runController(Object(App\Controllers\Home))
 7 SYSTEMPATH\CodeIgniter.php(349): CodeIgniter\CodeIgniter->handleRequest(null, Object(Config\Cache), false)
 8 FCPATH\index.php(67): CodeIgniter\CodeIgniter->run()
CRITICAL - 2023-01-14 03:13:36 --> Call to undefined function humanize()
in APPPATH\Views\ucapan.php on line 65.
 1 SYSTEMPATH\View\View.php(213): include()
 2 SYSTEMPATH\View\View.php(216): CodeIgniter\View\View->CodeIgniter\View\{closure}()
 3 SYSTEMPATH\Common.php(1135): CodeIgniter\View\View->render('ucapan', [], true)
 4 APPPATH\Controllers\Home.php(61): view('ucapan', [...])
 5 SYSTEMPATH\CodeIgniter.php(925): App\Controllers\Home->get_ucapan()
 6 SYSTEMPATH\CodeIgniter.php(480): CodeIgniter\CodeIgniter->runController(Object(App\Controllers\Home))
 7 SYSTEMPATH\CodeIgniter.php(349): CodeIgniter\CodeIgniter->handleRequest(null, Object(Config\Cache), false)
 8 FCPATH\index.php(67): CodeIgniter\CodeIgniter->run()
CRITICAL - 2023-01-14 03:14:07 --> Call to undefined function humanize()
in APPPATH\Views\ucapan.php on line 65.
 1 SYSTEMPATH\View\View.php(213): include()
 2 SYSTEMPATH\View\View.php(216): CodeIgniter\View\View->CodeIgniter\View\{closure}()
 3 SYSTEMPATH\Common.php(1135): CodeIgniter\View\View->render('ucapan', [], true)
 4 APPPATH\Controllers\Home.php(61): view('ucapan', [...])
 5 SYSTEMPATH\CodeIgniter.php(925): App\Controllers\Home->get_ucapan()
 6 SYSTEMPATH\CodeIgniter.php(480): CodeIgniter\CodeIgniter->runController(Object(App\Controllers\Home))
 7 SYSTEMPATH\CodeIgniter.php(349): CodeIgniter\CodeIgniter->handleRequest(null, Object(Config\Cache), false)
 8 FCPATH\index.php(67): CodeIgniter\CodeIgniter->run()
CRITICAL - 2023-01-14 03:14:48 --> Call to undefined function humanize()
in APPPATH\Views\ucapan.php on line 65.
 1 SYSTEMPATH\View\View.php(213): include()
 2 SYSTEMPATH\View\View.php(216): CodeIgniter\View\View->CodeIgniter\View\{closure}()
 3 SYSTEMPATH\Common.php(1135): CodeIgniter\View\View->render('ucapan', [], true)
 4 APPPATH\Controllers\Home.php(61): view('ucapan', [...])
 5 SYSTEMPATH\CodeIgniter.php(925): App\Controllers\Home->get_ucapan()
 6 SYSTEMPATH\CodeIgniter.php(480): CodeIgniter\CodeIgniter->runController(Object(App\Controllers\Home))
 7 SYSTEMPATH\CodeIgniter.php(349): CodeIgniter\CodeIgniter->handleRequest(null, Object(Config\Cache), false)
 8 FCPATH\index.php(67): CodeIgniter\CodeIgniter->run()
CRITICAL - 2023-01-14 03:15:29 --> Call to undefined function humanize()
in APPPATH\Views\ucapan.php on line 65.
 1 SYSTEMPATH\View\View.php(213): include()
 2 SYSTEMPATH\View\View.php(216): CodeIgniter\View\View->CodeIgniter\View\{closure}()
 3 SYSTEMPATH\Common.php(1135): CodeIgniter\View\View->render('ucapan', [], true)
 4 APPPATH\Controllers\Home.php(61): view('ucapan', [...])
 5 SYSTEMPATH\CodeIgniter.php(925): App\Controllers\Home->get_ucapan()
 6 SYSTEMPATH\CodeIgniter.php(480): CodeIgniter\CodeIgniter->runController(Object(App\Controllers\Home))
 7 SYSTEMPATH\CodeIgniter.php(349): CodeIgniter\CodeIgniter->handleRequest(null, Object(Config\Cache), false)
 8 FCPATH\index.php(67): CodeIgniter\CodeIgniter->run()
CRITICAL - 2023-01-14 03:17:15 --> Call to undefined function humanize()
in APPPATH\Views\ucapan.php on line 65.
 1 SYSTEMPATH\View\View.php(213): include()
 2 SYSTEMPATH\View\View.php(216): CodeIgniter\View\View->CodeIgniter\View\{closure}()
 3 SYSTEMPATH\Common.php(1135): CodeIgniter\View\View->render('ucapan', [], true)
 4 APPPATH\Controllers\Home.php(61): view('ucapan', [...])
 5 SYSTEMPATH\CodeIgniter.php(925): App\Controllers\Home->get_ucapan()
 6 SYSTEMPATH\CodeIgniter.php(480): CodeIgniter\CodeIgniter->runController(Object(App\Controllers\Home))
 7 SYSTEMPATH\CodeIgniter.php(349): CodeIgniter\CodeIgniter->handleRequest(null, Object(Config\Cache), false)
 8 FCPATH\index.php(67): CodeIgniter\CodeIgniter->run()
CRITICAL - 2023-01-14 03:18:47 --> Call to undefined function humanize()
in APPPATH\Views\ucapan.php on line 65.
 1 SYSTEMPATH\View\View.php(213): include()
 2 SYSTEMPATH\View\View.php(216): CodeIgniter\View\View->CodeIgniter\View\{closure}()
 3 SYSTEMPATH\Common.php(1135): CodeIgniter\View\View->render('ucapan', [], true)
 4 APPPATH\Controllers\Home.php(61): view('ucapan', [...])
 5 SYSTEMPATH\CodeIgniter.php(925): App\Controllers\Home->get_ucapan()
 6 SYSTEMPATH\CodeIgniter.php(480): CodeIgniter\CodeIgniter->runController(Object(App\Controllers\Home))
 7 SYSTEMPATH\CodeIgniter.php(349): CodeIgniter\CodeIgniter->handleRequest(null, Object(Config\Cache), false)
 8 FCPATH\index.php(67): CodeIgniter\CodeIgniter->run()
ERROR - 2023-01-14 11:46:19 --> Error connecting to the database: mysqli_sql_exception: Unknown database 'wedding' in C:\laragon\www\lulumufidz\system\Database\MySQLi\Connection.php:171
Stack trace:
#0 C:\laragon\www\lulumufidz\system\Database\MySQLi\Connection.php(171): mysqli->real_connect('localhost', 'root', '', 'wedding', 3306, '', 0)
#1 C:\laragon\www\lulumufidz\system\Database\BaseConnection.php(382): CodeIgniter\Database\MySQLi\Connection->connect(false)
#2 C:\laragon\www\lulumufidz\system\Database\BaseConnection.php(561): CodeIgniter\Database\BaseConnection->initialize()
#3 C:\laragon\www\lulumufidz\system\Database\BaseBuilder.php(1585): CodeIgniter\Database\BaseConnection->query('SELECT *\nFROM `...', Array, false)
#4 C:\laragon\www\lulumufidz\app\Controllers\Home.php(57): CodeIgniter\Database\BaseBuilder->get()
#5 C:\laragon\www\lulumufidz\system\CodeIgniter.php(925): App\Controllers\Home->get_ucapan()
#6 C:\laragon\www\lulumufidz\system\CodeIgniter.php(480): CodeIgniter\CodeIgniter->runController(Object(App\Controllers\Home))
#7 C:\laragon\www\lulumufidz\system\CodeIgniter.php(349): CodeIgniter\CodeIgniter->handleRequest(NULL, Object(Config\Cache), false)
#8 C:\laragon\www\lulumufidz\public\index.php(67): CodeIgniter\CodeIgniter->run()
#9 {main}

Next CodeIgniter\Database\Exceptions\DatabaseException: Unknown database 'wedding' in C:\laragon\www\lulumufidz\system\Database\MySQLi\Connection.php:215
Stack trace:
#0 C:\laragon\www\lulumufidz\system\Database\BaseConnection.php(382): CodeIgniter\Database\MySQLi\Connection->connect(false)
#1 C:\laragon\www\lulumufidz\system\Database\BaseConnection.php(561): CodeIgniter\Database\BaseConnection->initialize()
#2 C:\laragon\www\lulumufidz\system\Database\BaseBuilder.php(1585): CodeIgniter\Database\BaseConnection->query('SELECT *\nFROM `...', Array, false)
#3 C:\laragon\www\lulumufidz\app\Controllers\Home.php(57): CodeIgniter\Database\BaseBuilder->get()
#4 C:\laragon\www\lulumufidz\system\CodeIgniter.php(925): App\Controllers\Home->get_ucapan()
#5 C:\laragon\www\lulumufidz\system\CodeIgniter.php(480): CodeIgniter\CodeIgniter->runController(Object(App\Controllers\Home))
#6 C:\laragon\www\lulumufidz\system\CodeIgniter.php(349): CodeIgniter\CodeIgniter->handleRequest(NULL, Object(Config\Cache), false)
#7 C:\laragon\www\lulumufidz\public\index.php(67): CodeIgniter\CodeIgniter->run()
#8 {main}
CRITICAL - 2023-01-14 11:46:19 --> Unable to connect to the database.
Main connection [MySQLi]: Unknown database 'wedding'
in SYSTEMPATH\Database\BaseConnection.php on line 418.
 1 SYSTEMPATH\Database\BaseConnection.php(561): CodeIgniter\Database\BaseConnection->initialize()
 2 SYSTEMPATH\Database\BaseBuilder.php(1585): CodeIgniter\Database\BaseConnection->query('SELECT *
FROM `ucapan`
WHERE `deleted_at` is null
ORDER BY `id` DESC', [], false)
 3 APPPATH\Controllers\Home.php(57): CodeIgniter\Database\BaseBuilder->get()
 4 SYSTEMPATH\CodeIgniter.php(925): App\Controllers\Home->get_ucapan()
 5 SYSTEMPATH\CodeIgniter.php(480): CodeIgniter\CodeIgniter->runController(Object(App\Controllers\Home))
 6 SYSTEMPATH\CodeIgniter.php(349): CodeIgniter\CodeIgniter->handleRequest(null, Object(Config\Cache), false)
 7 FCPATH\index.php(67): CodeIgniter\CodeIgniter->run()
CRITICAL - 2023-01-14 12:30:36 --> Call to undefined function tgl_indo()
in APPPATH\Views\ucapan.php on line 61.
 1 SYSTEMPATH\View\View.php(213): include()
 2 SYSTEMPATH\View\View.php(216): CodeIgniter\View\View->CodeIgniter\View\{closure}()
 3 SYSTEMPATH\Common.php(1135): CodeIgniter\View\View->render('ucapan', [], true)
 4 APPPATH\Controllers\Home.php(61): view('ucapan', [...])
 5 SYSTEMPATH\CodeIgniter.php(925): App\Controllers\Home->get_ucapan()
 6 SYSTEMPATH\CodeIgniter.php(480): CodeIgniter\CodeIgniter->runController(Object(App\Controllers\Home))
 7 SYSTEMPATH\CodeIgniter.php(349): CodeIgniter\CodeIgniter->handleRequest(null, Object(Config\Cache), false)
 8 FCPATH\index.php(67): CodeIgniter\CodeIgniter->run()
CRITICAL - 2023-01-14 12:30:48 --> Call to undefined function tgl_indo()
in APPPATH\Views\ucapan.php on line 61.
 1 SYSTEMPATH\View\View.php(213): include()
 2 SYSTEMPATH\View\View.php(216): CodeIgniter\View\View->CodeIgniter\View\{closure}()
 3 SYSTEMPATH\Common.php(1135): CodeIgniter\View\View->render('ucapan', [], true)
 4 APPPATH\Controllers\Home.php(61): view('ucapan', [...])
 5 SYSTEMPATH\CodeIgniter.php(925): App\Controllers\Home->get_ucapan()
 6 SYSTEMPATH\CodeIgniter.php(480): CodeIgniter\CodeIgniter->runController(Object(App\Controllers\Home))
 7 SYSTEMPATH\CodeIgniter.php(349): CodeIgniter\CodeIgniter->handleRequest(null, Object(Config\Cache), false)
 8 FCPATH\index.php(67): CodeIgniter\CodeIgniter->run()
