ERROR - 2023-01-11 05:47:32 --> Error connecting to the database: mysqli_sql_exception: Access denied for user 'root'@'localhost' (using password: YES) in C:\laragon\www\wedding\system\Database\MySQLi\Connection.php:171
Stack trace:
#0 C:\laragon\www\wedding\system\Database\MySQLi\Connection.php(171): mysqli->real_connect('localhost', 'root', 'root', 'wedding', 3306, '', 0)
#1 C:\laragon\www\wedding\system\Database\BaseConnection.php(382): CodeIgniter\Database\MySQLi\Connection->connect(false)
#2 C:\laragon\www\wedding\system\Database\BaseConnection.php(561): CodeIgniter\Database\BaseConnection->initialize()
#3 C:\laragon\www\wedding\system\Database\BaseBuilder.php(1916): CodeIgniter\Database\BaseConnection->query('INSERT INTO `da...', Array, false)
#4 C:\laragon\www\wedding\app\Controllers\Home.php(24): CodeIgniter\Database\BaseBuilder->insert(Array)
#5 C:\laragon\www\wedding\system\CodeIgniter.php(925): App\Controllers\Home->post_kehadiran()
#6 C:\laragon\www\wedding\system\CodeIgniter.php(480): CodeIgniter\CodeIgniter->runController(Object(App\Controllers\Home))
#7 C:\laragon\www\wedding\system\CodeIgniter.php(349): CodeIgniter\CodeIgniter->handleRequest(NULL, Object(Config\Cache), false)
#8 C:\laragon\www\wedding\public\index.php(67): CodeIgniter\CodeIgniter->run()
#9 {main}

Next CodeIgniter\Database\Exceptions\DatabaseException: Access denied for user '****'@'localhost' (using password: YES) in C:\laragon\www\wedding\system\Database\MySQLi\Connection.php:215
Stack trace:
#0 C:\laragon\www\wedding\system\Database\BaseConnection.php(382): CodeIgniter\Database\MySQLi\Connection->connect(false)
#1 C:\laragon\www\wedding\system\Database\BaseConnection.php(561): CodeIgniter\Database\BaseConnection->initialize()
#2 C:\laragon\www\wedding\system\Database\BaseBuilder.php(1916): CodeIgniter\Database\BaseConnection->query('INSERT INTO `da...', Array, false)
#3 C:\laragon\www\wedding\app\Controllers\Home.php(24): CodeIgniter\Database\BaseBuilder->insert(Array)
#4 C:\laragon\www\wedding\system\CodeIgniter.php(925): App\Controllers\Home->post_kehadiran()
#5 C:\laragon\www\wedding\system\CodeIgniter.php(480): CodeIgniter\CodeIgniter->runController(Object(App\Controllers\Home))
#6 C:\laragon\www\wedding\system\CodeIgniter.php(349): CodeIgniter\CodeIgniter->handleRequest(NULL, Object(Config\Cache), false)
#7 C:\laragon\www\wedding\public\index.php(67): CodeIgniter\CodeIgniter->run()
#8 {main}
CRITICAL - 2023-01-11 05:47:32 --> Unable to connect to the database.
Main connection [MySQLi]: Access denied for user '****'@'localhost' (using password: YES)
in SYSTEMPATH\Database\BaseConnection.php on line 418.
 1 SYSTEMPATH\Database\BaseConnection.php(561): CodeIgniter\Database\BaseConnection->initialize()
 2 SYSTEMPATH\Database\BaseBuilder.php(1916): CodeIgniter\Database\BaseConnection->query('INSERT INTO `data_gelombang` (`nama`, `pesan`, `konfirmasi`) VALUES (:nama:, :pesan:, :konfirmasi:)', [...], false)
 3 APPPATH\Controllers\Home.php(24): CodeIgniter\Database\BaseBuilder->insert([...])
 4 SYSTEMPATH\CodeIgniter.php(925): App\Controllers\Home->post_kehadiran()
 5 SYSTEMPATH\CodeIgniter.php(480): CodeIgniter\CodeIgniter->runController(Object(App\Controllers\Home))
 6 SYSTEMPATH\CodeIgniter.php(349): CodeIgniter\CodeIgniter->handleRequest(null, Object(Config\Cache), false)
 7 FCPATH\index.php(67): CodeIgniter\CodeIgniter->run()
ERROR - 2023-01-11 06:03:30 --> Error connecting to the database: mysqli_sql_exception: Access denied for user 'root'@'localhost' (using password: YES) in C:\laragon\www\wedding\system\Database\MySQLi\Connection.php:171
Stack trace:
#0 C:\laragon\www\wedding\system\Database\MySQLi\Connection.php(171): mysqli->real_connect('localhost', 'root', 'root', 'wedding', 3306, '', 0)
#1 C:\laragon\www\wedding\system\Database\BaseConnection.php(382): CodeIgniter\Database\MySQLi\Connection->connect(false)
#2 C:\laragon\www\wedding\system\Database\BaseConnection.php(561): CodeIgniter\Database\BaseConnection->initialize()
#3 C:\laragon\www\wedding\system\Database\BaseBuilder.php(1916): CodeIgniter\Database\BaseConnection->query('INSERT INTO `ko...', Array, false)
#4 C:\laragon\www\wedding\app\Controllers\Home.php(26): CodeIgniter\Database\BaseBuilder->insert(Array)
#5 C:\laragon\www\wedding\system\CodeIgniter.php(925): App\Controllers\Home->post_kehadiran()
#6 C:\laragon\www\wedding\system\CodeIgniter.php(480): CodeIgniter\CodeIgniter->runController(Object(App\Controllers\Home))
#7 C:\laragon\www\wedding\system\CodeIgniter.php(349): CodeIgniter\CodeIgniter->handleRequest(NULL, Object(Config\Cache), false)
#8 C:\laragon\www\wedding\public\index.php(67): CodeIgniter\CodeIgniter->run()
#9 {main}

Next CodeIgniter\Database\Exceptions\DatabaseException: Access denied for user '****'@'localhost' (using password: YES) in C:\laragon\www\wedding\system\Database\MySQLi\Connection.php:215
Stack trace:
#0 C:\laragon\www\wedding\system\Database\BaseConnection.php(382): CodeIgniter\Database\MySQLi\Connection->connect(false)
#1 C:\laragon\www\wedding\system\Database\BaseConnection.php(561): CodeIgniter\Database\BaseConnection->initialize()
#2 C:\laragon\www\wedding\system\Database\BaseBuilder.php(1916): CodeIgniter\Database\BaseConnection->query('INSERT INTO `ko...', Array, false)
#3 C:\laragon\www\wedding\app\Controllers\Home.php(26): CodeIgniter\Database\BaseBuilder->insert(Array)
#4 C:\laragon\www\wedding\system\CodeIgniter.php(925): App\Controllers\Home->post_kehadiran()
#5 C:\laragon\www\wedding\system\CodeIgniter.php(480): CodeIgniter\CodeIgniter->runController(Object(App\Controllers\Home))
#6 C:\laragon\www\wedding\system\CodeIgniter.php(349): CodeIgniter\CodeIgniter->handleRequest(NULL, Object(Config\Cache), false)
#7 C:\laragon\www\wedding\public\index.php(67): CodeIgniter\CodeIgniter->run()
#8 {main}
CRITICAL - 2023-01-11 06:03:30 --> Unable to connect to the database.
Main connection [MySQLi]: Access denied for user '****'@'localhost' (using password: YES)
in SYSTEMPATH\Database\BaseConnection.php on line 418.
 1 SYSTEMPATH\Database\BaseConnection.php(561): CodeIgniter\Database\BaseConnection->initialize()
 2 SYSTEMPATH\Database\BaseBuilder.php(1916): CodeIgniter\Database\BaseConnection->query('INSERT INTO `konfirmasi_kehadiran` (`nama`, `pesan`, `konfirmasi`) VALUES (:nama:, :pesan:, :konfirmasi:)', [...], false)
 3 APPPATH\Controllers\Home.php(26): CodeIgniter\Database\BaseBuilder->insert([...])
 4 SYSTEMPATH\CodeIgniter.php(925): App\Controllers\Home->post_kehadiran()
 5 SYSTEMPATH\CodeIgniter.php(480): CodeIgniter\CodeIgniter->runController(Object(App\Controllers\Home))
 6 SYSTEMPATH\CodeIgniter.php(349): CodeIgniter\CodeIgniter->handleRequest(null, Object(Config\Cache), false)
 7 FCPATH\index.php(67): CodeIgniter\CodeIgniter->run()
CRITICAL - 2023-01-11 06:03:57 --> Undefined index: to
in APPPATH\Views\landing.php on line 62.
 1 APPPATH\Views\landing.php(62): CodeIgniter\Debug\Exceptions->errorHandler(8, 'Undefined index: to', 'APPPATH\\Views\\landing.php', 62, [])
 2 SYSTEMPATH\View\View.php(213): include('APPPATH\\Views\\landing.php')
 3 SYSTEMPATH\View\View.php(216): CodeIgniter\View\View->CodeIgniter\View\{closure}()
 4 SYSTEMPATH\Common.php(1135): CodeIgniter\View\View->render('landing', [], true)
 5 APPPATH\Controllers\Home.php(16): view('landing')
 6 SYSTEMPATH\CodeIgniter.php(925): App\Controllers\Home->index()
 7 SYSTEMPATH\CodeIgniter.php(480): CodeIgniter\CodeIgniter->runController(Object(App\Controllers\Home))
 8 SYSTEMPATH\CodeIgniter.php(349): CodeIgniter\CodeIgniter->handleRequest(null, Object(Config\Cache), false)
 9 FCPATH\index.php(67): CodeIgniter\CodeIgniter->run()
CRITICAL - 2023-01-11 06:04:40 --> Undefined index: to
in APPPATH\Views\landing.php on line 68.
 1 APPPATH\Views\landing.php(68): CodeIgniter\Debug\Exceptions->errorHandler(8, 'Undefined index: to', 'APPPATH\\Views\\landing.php', 68, [...])
 2 SYSTEMPATH\View\View.php(213): include('APPPATH\\Views\\landing.php')
 3 SYSTEMPATH\View\View.php(216): CodeIgniter\View\View->CodeIgniter\View\{closure}()
 4 SYSTEMPATH\Common.php(1135): CodeIgniter\View\View->render('landing', [], true)
 5 APPPATH\Controllers\Home.php(16): view('landing')
 6 SYSTEMPATH\CodeIgniter.php(925): App\Controllers\Home->index()
 7 SYSTEMPATH\CodeIgniter.php(480): CodeIgniter\CodeIgniter->runController(Object(App\Controllers\Home))
 8 SYSTEMPATH\CodeIgniter.php(349): CodeIgniter\CodeIgniter->handleRequest(null, Object(Config\Cache), false)
 9 FCPATH\index.php(67): CodeIgniter\CodeIgniter->run()
CRITICAL - 2023-01-11 06:05:16 --> Undefined index: konfirmasi
in APPPATH\Controllers\Home.php on line 24.
 1 APPPATH\Controllers\Home.php(24): CodeIgniter\Debug\Exceptions->errorHandler(8, 'Undefined index: konfirmasi', 'APPPATH\\Controllers\\Home.php', 24, [])
 2 SYSTEMPATH\CodeIgniter.php(925): App\Controllers\Home->post_kehadiran()
 3 SYSTEMPATH\CodeIgniter.php(480): CodeIgniter\CodeIgniter->runController(Object(App\Controllers\Home))
 4 SYSTEMPATH\CodeIgniter.php(349): CodeIgniter\CodeIgniter->handleRequest(null, Object(Config\Cache), false)
 5 FCPATH\index.php(67): CodeIgniter\CodeIgniter->run()
ERROR - 2023-01-11 06:05:46 --> Error connecting to the database: mysqli_sql_exception: Access denied for user 'root'@'localhost' (using password: YES) in C:\laragon\www\wedding\system\Database\MySQLi\Connection.php:171
Stack trace:
#0 C:\laragon\www\wedding\system\Database\MySQLi\Connection.php(171): mysqli->real_connect('localhost', 'root', 'root', 'wedding', 3306, '', 0)
#1 C:\laragon\www\wedding\system\Database\BaseConnection.php(382): CodeIgniter\Database\MySQLi\Connection->connect(false)
#2 C:\laragon\www\wedding\system\Database\BaseConnection.php(561): CodeIgniter\Database\BaseConnection->initialize()
#3 C:\laragon\www\wedding\system\Database\BaseBuilder.php(1916): CodeIgniter\Database\BaseConnection->query('INSERT INTO `ko...', Array, false)
#4 C:\laragon\www\wedding\app\Controllers\Home.php(26): CodeIgniter\Database\BaseBuilder->insert(Array)
#5 C:\laragon\www\wedding\system\CodeIgniter.php(925): App\Controllers\Home->post_kehadiran()
#6 C:\laragon\www\wedding\system\CodeIgniter.php(480): CodeIgniter\CodeIgniter->runController(Object(App\Controllers\Home))
#7 C:\laragon\www\wedding\system\CodeIgniter.php(349): CodeIgniter\CodeIgniter->handleRequest(NULL, Object(Config\Cache), false)
#8 C:\laragon\www\wedding\public\index.php(67): CodeIgniter\CodeIgniter->run()
#9 {main}

Next CodeIgniter\Database\Exceptions\DatabaseException: Access denied for user '****'@'localhost' (using password: YES) in C:\laragon\www\wedding\system\Database\MySQLi\Connection.php:215
Stack trace:
#0 C:\laragon\www\wedding\system\Database\BaseConnection.php(382): CodeIgniter\Database\MySQLi\Connection->connect(false)
#1 C:\laragon\www\wedding\system\Database\BaseConnection.php(561): CodeIgniter\Database\BaseConnection->initialize()
#2 C:\laragon\www\wedding\system\Database\BaseBuilder.php(1916): CodeIgniter\Database\BaseConnection->query('INSERT INTO `ko...', Array, false)
#3 C:\laragon\www\wedding\app\Controllers\Home.php(26): CodeIgniter\Database\BaseBuilder->insert(Array)
#4 C:\laragon\www\wedding\system\CodeIgniter.php(925): App\Controllers\Home->post_kehadiran()
#5 C:\laragon\www\wedding\system\CodeIgniter.php(480): CodeIgniter\CodeIgniter->runController(Object(App\Controllers\Home))
#6 C:\laragon\www\wedding\system\CodeIgniter.php(349): CodeIgniter\CodeIgniter->handleRequest(NULL, Object(Config\Cache), false)
#7 C:\laragon\www\wedding\public\index.php(67): CodeIgniter\CodeIgniter->run()
#8 {main}
CRITICAL - 2023-01-11 06:05:46 --> Unable to connect to the database.
Main connection [MySQLi]: Access denied for user '****'@'localhost' (using password: YES)
in SYSTEMPATH\Database\BaseConnection.php on line 418.
 1 SYSTEMPATH\Database\BaseConnection.php(561): CodeIgniter\Database\BaseConnection->initialize()
 2 SYSTEMPATH\Database\BaseBuilder.php(1916): CodeIgniter\Database\BaseConnection->query('INSERT INTO `konfirmasi_kehadiran` (`nama`, `pesan`, `konfirmasi`) VALUES (:nama:, :pesan:, :konfirmasi:)', [...], false)
 3 APPPATH\Controllers\Home.php(26): CodeIgniter\Database\BaseBuilder->insert([...])
 4 SYSTEMPATH\CodeIgniter.php(925): App\Controllers\Home->post_kehadiran()
 5 SYSTEMPATH\CodeIgniter.php(480): CodeIgniter\CodeIgniter->runController(Object(App\Controllers\Home))
 6 SYSTEMPATH\CodeIgniter.php(349): CodeIgniter\CodeIgniter->handleRequest(null, Object(Config\Cache), false)
 7 FCPATH\index.php(67): CodeIgniter\CodeIgniter->run()
